<?xml version="1.0" encoding="UTF-8"?>
<!-- Generated by org.testng.reporters.JUnitReportReporter -->
<testsuite hostname="DESKTOP-3532FUI" name="open.openbaidu" tests="1" failures="0" timestamp="18 Mar 2019 01:36:18 GMT" time="5.662" errors="0">
  <testcase name="setUp" time="5.662" classname="open.openbaidu"/>
</testsuite> <!-- open.openbaidu -->
